{"name": "test_button_example", "status": "failed", "statusDetails": {"message": "AssertionError: Locator expected to be visible\nActual value: hidden \nCall log:\n  - Expect \"to_be_visible\" with timeout 5000ms\n  - waiting for locator(\"button.bpm-button.bpm-button--alternative.bpm-button--tertiary\").first\n    8 × locator resolved to <button type=\"button\" id=\"showMoreButton\" class=\"bpm-button bpm-button--tertiary bpm-button--alternative\">…</button>\n      - unexpected value \"hidden\"", "trace": "def test_button_example():\n        with sync_playwright() as pw:\n            browser = pw.chromium.launch(headless=False)\n            page = browser.new_page()\n    \n            page.goto(\"https://bpmsoft.ru\")\n    \n            # Пример кнопки с data-testid=\"login-btn\"\n            login_btn = Button(\n                page=page,\n                locator=\"button.bpm-button.bpm-button--alternative.bpm-button--tertiary\",\n                name=\"ADD Todo Input\"\n            )\n    \n>           login_btn.check_visible()\n\ntest_example.py:20: \n_ _ _ _ _ _ _ _ _ _ _ _ _ _ _ _ _ _ _ _ _ _ _ _ _ _ _ _ _ _ _ _ _ _ _ _ _ _ _ _ _ _ _ _ _ _ _ _ _ _ _ _ _ _ _ _ _ _ _ _ _ _ _ _ _ _ _ _ _ _ _ _ _ _ _ _ _ _ _ _ _ _ _ _ _ _ _ _ _ _ _ _ _ _ _ _ _ _ _ _ _ _ _ _ _ _ _ _ _ \n\nself = <elements.button.Button object at 0x000002A47E362BA0>, nth = 0, kwargs = {}, step = 'Checking that button \"ADD Todo Input\" is visible'\nlocator = <Locator frame=<Frame name= url='https://bpmsoft.ru/'> selector='button.bpm-button.bpm-button--alternative.bpm-button--tertiary >> nth=0'>\n\n    def check_visible(self, nth: int = 0, **kwargs):\n        \"\"\"\n        Проверяет, что элемент видим на странице.\n    \n        :param nth: Индекс элемента\n        :param kwargs: Аргументы для форматирования локатора\n        \"\"\"\n        step = f'Checking that {self.type_of} \"{self.name}\" is visible'\n    \n        with allure.step(step):\n            locator = self.get_locator(nth, **kwargs)\n            logger.info(step)\n>           expect(locator).to_be_visible()\nE           AssertionError: Locator expected to be visible\nE           Actual value: hidden \nE           Call log:\nE             - Expect \"to_be_visible\" with timeout 5000ms\nE             - waiting for locator(\"button.bpm-button.bpm-button--alternative.bpm-button--tertiary\").first\nE               8 × locator resolved to <button type=\"button\" id=\"showMoreButton\" class=\"bpm-button bpm-button--tertiary bpm-button--alternative\">…</button>\nE                 - unexpected value \"hidden\"\n\nelements\\base_element.py:73: AssertionError"}, "steps": [{"name": "Checking that button \"ADD Todo Input\" is visible", "status": "failed", "statusDetails": {"message": "AssertionError: Locator expected to be visible\nActual value: hidden \nCall log:\n  - Expect \"to_be_visible\" with timeout 5000ms\n  - waiting for locator(\"button.bpm-button.bpm-button--alternative.bpm-button--tertiary\").first\n    8 × locator resolved to <button type=\"button\" id=\"showMoreButton\" class=\"bpm-button bpm-button--tertiary bpm-button--alternative\">…</button>\n      - unexpected value \"hidden\"\n\n", "trace": "  File \"C:\\Users\\arina\\Desktop\\WebUITests\\elements\\base_element.py\", line 73, in check_visible\n    expect(locator).to_be_visible()\n    ~~~~~~~~~~~~~~~~~~~~~~~~~~~~~^^\n  File \"C:\\Users\\arina\\Desktop\\WebUITests\\myvenv\\Lib\\site-packages\\playwright\\sync_api\\_generated.py\", line 20454, in to_be_visible\n    self._sync(self._impl_obj.to_be_visible(visible=visible, timeout=timeout))\n    ~~~~~~~~~~^^^^^^^^^^^^^^^^^^^^^^^^^^^^^^^^^^^^^^^^^^^^^^^^^^^^^^^^^^^^^^^^\n  File \"C:\\Users\\arina\\Desktop\\WebUITests\\myvenv\\Lib\\site-packages\\playwright\\_impl\\_sync_base.py\", line 115, in _sync\n    return task.result()\n           ~~~~~~~~~~~^^\n  File \"C:\\Users\\arina\\Desktop\\WebUITests\\myvenv\\Lib\\site-packages\\playwright\\_impl\\_assertions.py\", line 765, in to_be_visible\n    await self._expect_impl(\n    ...<5 lines>...\n    )\n  File \"C:\\Users\\arina\\Desktop\\WebUITests\\myvenv\\Lib\\site-packages\\playwright\\_impl\\_assertions.py\", line 85, in _expect_impl\n    raise AssertionError(\n        f\"{out_message}\\nActual value: {actual}{error_message} {format_call_log(result.get('log'))}\"\n    )\n"}, "steps": [{"name": "Getting locator with \"data-testid=button.bpm-button.bpm-button--alternative.bpm-button--tertiary\" at index \"0\"", "status": "passed", "start": 1763945405740, "stop": 1763945405741}], "start": 1763945405740, "stop": 1763945410757}], "attachments": [{"name": "log", "source": "0c64cb3c-921a-4bcf-8c1f-9d99fae9cb0a-attachment.txt", "type": "text/plain"}, {"name": "stderr", "source": "ecdb2e90-6dd2-445c-91c4-47d91bfa45a2-attachment.txt", "type": "text/plain"}], "start": 1763945399259, "stop": 1763945411641, "uuid": "f2afb4ae-e1c0-424a-9ab1-d8f99ad32ee2", "historyId": "e521b4f0f8b6d545eb525edf54490948", "testCaseId": "e521b4f0f8b6d545eb525edf54490948", "fullName": "test_example#test_button_example", "labels": [{"name": "suite", "value": "test_example"}, {"name": "host", "value": "Arina"}, {"name": "thread", "value": "10316-MainThread"}, {"name": "framework", "value": "pytest"}, {"name": "language", "value": "cpython3"}, {"name": "package", "value": "test_example"}], "titlePath": ["test_example.py"]}