{"name": "test_button_example", "status": "failed", "statusDetails": {"message": "AssertionError: Locator expected to be visible\nActual value: None\nError: element(s) not found \nCall log:\n  - Expect \"to_be_visible\" with timeout 5000ms\n  - waiting for get_by_test_id(\"login-btn\").first", "trace": "def test_button_example():\n        with sync_playwright() as pw:\n            browser = pw.chromium.launch(headless=False)\n            page = browser.new_page()\n    \n            page.goto(\"https://example.com\")  # замените на свой URL\n    \n            # Пример кнопки с data-testid=\"login-btn\"\n            login_btn = Button(\n                page=page,\n                locator=\"login-btn\",\n                name=\"Login Button\"\n            )\n    \n>           login_btn.check_visible()\n\ntest_example.py:20: \n_ _ _ _ _ _ _ _ _ _ _ _ _ _ _ _ _ _ _ _ _ _ _ _ _ _ _ _ _ _ _ _ _ _ _ _ _ _ _ _ _ _ _ _ _ _ _ _ _ _ _ _ _ _ _ _ _ _ _ _ _ _ _ _ _ _ _ _ _ _ _ _ _ _ _ _ _ _ _ _ _ _ _ _ _ _ _ _ _ _ _ _ _ _ _ _ _ _ _ _ _ _ _ _ _ _ _ _ _ \n\nself = <elements.button.Button object at 0x0000018BEACA2BA0>, nth = 0, kwargs = {}, step = 'Checking that button \"Login Button\" is visible'\nlocator = <Locator frame=<Frame name= url='https://example.com/'> selector='internal:testid=[data-testid=\"login-btn\"s] >> nth=0'>\n\n    def check_visible(self, nth: int = 0, **kwargs):\n        \"\"\"\n        Проверяет, что элемент видим на странице.\n    \n        :param nth: Индекс элемента\n        :param kwargs: Аргументы для форматирования локатора\n        \"\"\"\n        step = f'Checking that {self.type_of} \"{self.name}\" is visible'\n    \n        with allure.step(step):\n            locator = self.get_locator(nth, **kwargs)\n            logger.info(step)\n>           expect(locator).to_be_visible()\nE           AssertionError: Locator expected to be visible\nE           Actual value: None\nE           Error: element(s) not found \nE           Call log:\nE             - Expect \"to_be_visible\" with timeout 5000ms\nE             - waiting for get_by_test_id(\"login-btn\").first\n\nelements\\base_element.py:73: AssertionError"}, "steps": [{"name": "Checking that button \"Login Button\" is visible", "status": "failed", "statusDetails": {"message": "AssertionError: Locator expected to be visible\nActual value: None\nError: element(s) not found \nCall log:\n  - Expect \"to_be_visible\" with timeout 5000ms\n  - waiting for get_by_test_id(\"login-btn\").first\n\n", "trace": "  File \"C:\\Users\\arina\\Desktop\\WebUITests\\elements\\base_element.py\", line 73, in check_visible\n    expect(locator).to_be_visible()\n    ~~~~~~~~~~~~~~~~~~~~~~~~~~~~~^^\n  File \"C:\\Users\\arina\\Desktop\\WebUITests\\myvenv\\Lib\\site-packages\\playwright\\sync_api\\_generated.py\", line 20454, in to_be_visible\n    self._sync(self._impl_obj.to_be_visible(visible=visible, timeout=timeout))\n    ~~~~~~~~~~^^^^^^^^^^^^^^^^^^^^^^^^^^^^^^^^^^^^^^^^^^^^^^^^^^^^^^^^^^^^^^^^\n  File \"C:\\Users\\arina\\Desktop\\WebUITests\\myvenv\\Lib\\site-packages\\playwright\\_impl\\_sync_base.py\", line 115, in _sync\n    return task.result()\n           ~~~~~~~~~~~^^\n  File \"C:\\Users\\arina\\Desktop\\WebUITests\\myvenv\\Lib\\site-packages\\playwright\\_impl\\_assertions.py\", line 765, in to_be_visible\n    await self._expect_impl(\n    ...<5 lines>...\n    )\n  File \"C:\\Users\\arina\\Desktop\\WebUITests\\myvenv\\Lib\\site-packages\\playwright\\_impl\\_assertions.py\", line 85, in _expect_impl\n    raise AssertionError(\n        f\"{out_message}\\nActual value: {actual}{error_message} {format_call_log(result.get('log'))}\"\n    )\n"}, "steps": [{"name": "Getting locator with \"data-testid=login-btn\" at index \"0\"", "status": "passed", "start": 1763943630741, "stop": 1763943630741}], "start": 1763943630741, "stop": 1763943635751}], "attachments": [{"name": "log", "source": "757b831c-e869-41fc-bf80-a7067a3ab39a-attachment.txt", "type": "text/plain"}, {"name": "stderr", "source": "78a64653-7fdd-4cac-a449-b7c311c4e528-attachment.txt", "type": "text/plain"}], "start": 1763943627310, "stop": 1763943636396, "uuid": "403f87ba-fe31-4e06-8118-ce1a025ffeb0", "historyId": "e521b4f0f8b6d545eb525edf54490948", "testCaseId": "e521b4f0f8b6d545eb525edf54490948", "fullName": "test_example#test_button_example", "labels": [{"name": "suite", "value": "test_example"}, {"name": "host", "value": "Arina"}, {"name": "thread", "value": "7840-MainThread"}, {"name": "framework", "value": "pytest"}, {"name": "language", "value": "cpython3"}, {"name": "package", "value": "test_example"}], "titlePath": ["test_example.py"]}